This file contains any messages produced by compilers while
running configure, to aid debugging if configure makes a mistake.

It was created by configure, which was
generated by GNU Autoconf 2.72.  Invocation command line was

  $ ./configure

## --------- ##
## Platform. ##
## --------- ##

hostname = DESKTOP-FU83JHT
uname -m = x86_64
uname -r = 5.15.153.1-microsoft-standard-WSL2
uname -s = Linux
uname -v = #1 SMP Fri Mar 29 23:14:13 UTC 2024

/usr/bin/uname -p = x86_64
/bin/uname -X     = unknown

/bin/arch              = x86_64
/usr/bin/arch -k       = unknown
/usr/convex/getsysinfo = unknown
/usr/bin/hostinfo      = unknown
/bin/machine           = unknown
/usr/bin/oslevel       = unknown
/bin/universe          = unknown

PATH: /usr/bin/
PATH: /home/aditya/miniconda3/bin/
PATH: /home/aditya/miniconda3/condabin/
PATH: /home/aditya/anaconda3/bin/
PATH: /home/aditya/anaconda3/bin/
PATH: /home/aditya/anaconda3/bin/
PATH: /usr/local/sbin/
PATH: /usr/local/bin/
PATH: /usr/sbin/
PATH: /usr/bin/
PATH: /sbin/
PATH: /bin/
PATH: /usr/games/
PATH: /usr/local/games/
PATH: /usr/lib/wsl/lib/
PATH: /mnt/c/Program Files/Common Files/Oracle/Java/javapath/
PATH: /mnt/c/WINDOWS/system32/
PATH: /mnt/c/WINDOWS/
PATH: /mnt/c/WINDOWS/System32/Wbem/
PATH: /mnt/c/WINDOWS/System32/WindowsPowerShell/v1.0/
PATH: /mnt/c/WINDOWS/System32/OpenSSH/
PATH: /mnt/c/MinGW/bin/
PATH: /mnt/c/Program Files/Git/cmd/
PATH: /mnt/c/Program Files/dotnet/
PATH: /mnt/c/Program Files/MATLAB/R2022b/runtime/win64/
PATH: /mnt/c/Program Files/MATLAB/R2022b/bin/
PATH: /mnt/c/Program Files (x86)/nodejs/
PATH: /mnt/c/Program Files/Tesseract-OCR/
PATH: /mnt/c/Program Files/MySQL/MySQL Shell 8.0/bin/
PATH: /mnt/c/Users/ADITYA KUMAR/AppData/Local/Programs/Python/Python311/Scripts/
PATH: /mnt/c/Users/ADITYA KUMAR/AppData/Local/Programs/Python/Python311/
PATH: /mnt/c/Users/ADITYA KUMAR/AppData/Local/Microsoft/WindowsApps/
PATH: /mnt/c/Users/ADITYA KUMAR/AppData/Roaming/Microsoft/Windows/Start Menu/Programs/Python 3.11/
PATH: /mnt/c/Users/ADITYA KUMAR/AppData/Local/Programs/Microsoft VS Code/bin/
PATH: /mnt/c/msys64/mingw64/bin/
PATH: /mnt/c/Users/ADITYA KUMAR/AppData/Roaming/npm/
PATH: /mnt/c/Program Files/JetBrains/IntelliJ IDEA Community Edition 2024.2.0.2/bin/
PATH: /snap/bin/


## ----------- ##
## Core tests. ##
## ----------- ##

configure:2446: looking for aux files: config.guess config.sub
configure:2459:  trying ./
configure:2488:   ./config.guess found
configure:2488:   ./config.sub found
configure:2616: checking build system type
configure:2632: result: x86_64-pc-linux-gnu
configure:2652: checking host system type
configure:2667: result: x86_64-pc-linux-gnu
configure:2687: checking target system type
configure:2702: result: x86_64-pc-linux-gnu
configure:2770: result: modified Linux system type is x86_64-pc-linux-gnu-libc2.39
configure:3058: result: Found component heacore
configure:3058: result: Found component tcltk
configure:3058: result: Found component attitude
configure:3058: result: Found component heasptools
configure:3058: result: Found component heatools
configure:3058: result: Found component heagen
configure:3058: result: Found component Xspec
configure:3058: result: Found component demo
configure:3058: result: Found component ftools
configure:3058: result: Found component heasim
configure:3062: result: Did not find component calet - skipping calet
configure:3058: result: Found component hitomixrism
configure:3058: result: Found component integral
configure:3058: result: Found component ixpe
configure:3058: result: Found component maxi
configure:3058: result: Found component nicer
configure:3058: result: Found component nustar
configure:3058: result: Found component suzaku
configure:3058: result: Found component swift
configure:3062: result: Did not find component external - skipping external
configure:3062: result: Did not find component glast - skipping glast
configure:3062: result: Did not find component GSSC - skipping GSSC
configure:3151: result: Component tcltk requires heacore
configure:3151: result: Component attitude requires heacore
configure:3151: result: Component heasptools requires heacore
configure:3151: result: Component heatools requires heacore
configure:3151: result: Component heagen requires heacore attitude
configure:3151: result: Component attitude requires heacore
configure:3151: result: Component Xspec requires heacore tcltk
configure:3151: result: Component tcltk requires heacore
configure:3151: result: Component demo requires heacore
configure:3151: result: Component ftools requires heacore attitude tcltk heasptools heatools
configure:3151: result: Component heatools requires heacore
configure:3151: result: Component heasptools requires heacore
configure:3151: result: Component tcltk requires heacore
configure:3151: result: Component attitude requires heacore
configure:3151: result: Component heasim requires heacore Xspec heatools
configure:3151: result: Component heatools requires heacore
configure:3151: result: Component Xspec requires heacore tcltk
configure:3151: result: Component tcltk requires heacore
configure:3151: result: Component hitomixrism requires heacore heagen heatools attitude
configure:3151: result: Component attitude requires heacore
configure:3151: result: Component heatools requires heacore
configure:3151: result: Component heagen requires heacore attitude
configure:3151: result: Component attitude requires heacore
configure:3151: result: Component integral requires heacore Xspec
configure:3151: result: Component Xspec requires heacore tcltk
configure:3151: result: Component tcltk requires heacore
configure:3151: result: Component ixpe requires heatools attitude heagen
configure:3151: result: Component heagen requires heacore attitude
configure:3151: result: Component attitude requires heacore
configure:3151: result: Component attitude requires heacore
configure:3151: result: Component heatools requires heacore
configure:3151: result: Component maxi requires heacore attitude Xspec
configure:3151: result: Component Xspec requires heacore tcltk
configure:3151: result: Component tcltk requires heacore
configure:3151: result: Component attitude requires heacore
configure:3151: result: Component nicer requires heacore attitude Xspec
configure:3151: result: Component Xspec requires heacore tcltk
configure:3151: result: Component tcltk requires heacore
configure:3151: result: Component attitude requires heacore
configure:3151: result: Component nustar requires heatools attitude
configure:3151: result: Component attitude requires heacore
configure:3151: result: Component heatools requires heacore
configure:3151: result: Component suzaku requires heatools attitude
configure:3151: result: Component attitude requires heacore
configure:3151: result: Component heatools requires heacore
configure:3151: result: Component swift requires heatools attitude heagen tcltk
configure:3151: result: Component tcltk requires heacore
configure:3151: result: Component heagen requires heacore attitude
configure:3151: result: Component attitude requires heacore
configure:3151: result: Component attitude requires heacore
configure:3151: result: Component heatools requires heacore
configure:3636: Preliminary check of compiler choices...
configure:3642: Checking your C compiler setting (/usr/bin/gcc)
configure:3823: checking for gcc
configure:3856: result: /usr/bin/gcc
configure:4215: checking for C compiler version
configure:4224: /usr/bin/gcc --version >&5
gcc (Ubuntu 13.2.0-23ubuntu4) 13.2.0
Copyright (C) 2023 Free Software Foundation, Inc.
This is free software; see the source for copying conditions.  There is NO
warranty; not even for MERCHANTABILITY or FITNESS FOR A PARTICULAR PURPOSE.

configure:4235: $? = 0
configure:4224: /usr/bin/gcc -v >&5
Using built-in specs.
COLLECT_GCC=/usr/bin/gcc
COLLECT_LTO_WRAPPER=/usr/libexec/gcc/x86_64-linux-gnu/13/lto-wrapper
OFFLOAD_TARGET_NAMES=nvptx-none:amdgcn-amdhsa
OFFLOAD_TARGET_DEFAULT=1
Target: x86_64-linux-gnu
Configured with: ../src/configure -v --with-pkgversion='Ubuntu 13.2.0-23ubuntu4' --with-bugurl=file:///usr/share/doc/gcc-13/README.Bugs --enable-languages=c,ada,c++,go,d,fortran,objc,obj-c++,m2 --prefix=/usr --with-gcc-major-version-only --program-suffix=-13 --program-prefix=x86_64-linux-gnu- --enable-shared --enable-linker-build-id --libexecdir=/usr/libexec --without-included-gettext --enable-threads=posix --libdir=/usr/lib --enable-nls --enable-clocale=gnu --enable-libstdcxx-debug --enable-libstdcxx-time=yes --with-default-libstdcxx-abi=new --enable-libstdcxx-backtrace --enable-gnu-unique-object --disable-vtable-verify --enable-plugin --enable-default-pie --with-system-zlib --enable-libphobos-checking=release --with-target-system-zlib=auto --enable-objc-gc=auto --enable-multiarch --disable-werror --enable-cet --with-arch-32=i686 --with-abi=m64 --with-multilib-list=m32,m64,mx32 --enable-multilib --with-tune=generic --enable-offload-targets=nvptx-none=/build/gcc-13-uJ7kn6/gcc-13-13.2.0/debian/tmp-nvptx/usr,amdgcn-amdhsa=/build/gcc-13-uJ7kn6/gcc-13-13.2.0/debian/tmp-gcn/usr --enable-offload-defaulted --without-cuda-driver --enable-checking=release --build=x86_64-linux-gnu --host=x86_64-linux-gnu --target=x86_64-linux-gnu
Thread model: posix
Supported LTO compression algorithms: zlib zstd
gcc version 13.2.0 (Ubuntu 13.2.0-23ubuntu4) 
... rest of stderr output deleted ...
configure:4235: $? = 0
configure:4224: /usr/bin/gcc -V >&5
gcc: error: unrecognized command-line option '-V'
gcc: fatal error: no input files
compilation terminated.
configure:4235: $? = 1
configure:4224: /usr/bin/gcc -qversion >&5
gcc: error: unrecognized command-line option '-qversion'; did you mean '--version'?
gcc: fatal error: no input files
compilation terminated.
configure:4235: $? = 1
configure:4224: /usr/bin/gcc -version >&5
gcc: error: unrecognized command-line option '-version'
gcc: fatal error: no input files
compilation terminated.
configure:4235: $? = 1
configure:4255: checking whether the C compiler works
configure:4277: /usr/bin/gcc    conftest.c  >&5
configure:4281: $? = 0
configure:4332: result: yes
configure:4336: checking for C compiler default output file name
configure:4338: result: a.out
configure:4344: checking for suffix of executables
configure:4351: /usr/bin/gcc -o conftest    conftest.c  >&5
configure:4355: $? = 0
configure:4379: result: 
configure:4403: checking whether we are cross compiling
configure:4411: /usr/bin/gcc -o conftest    conftest.c  >&5
configure:4415: $? = 0
configure:4422: ./conftest
configure:4426: $? = 0
configure:4441: result: no
configure:4447: checking for suffix of object files
configure:4470: /usr/bin/gcc -c   conftest.c >&5
configure:4474: $? = 0
configure:4498: result: o
configure:4502: checking whether the compiler supports GNU C
configure:4522: /usr/bin/gcc -c   conftest.c >&5
configure:4522: $? = 0
configure:4534: result: yes
configure:4545: checking whether /usr/bin/gcc accepts -g
configure:4566: /usr/bin/gcc -c -g  conftest.c >&5
configure:4566: $? = 0
configure:4613: result: yes
configure:4633: checking for /usr/bin/gcc option to enable C11 features
configure:4648: /usr/bin/gcc  -c -g -O2  conftest.c >&5
configure:4648: $? = 0
configure:4667: result: none needed
configure:4793: Checking your C++ compiler setting (/usr/bin/g++)
configure:5019: checking for C++ compiler version
configure:5028: /usr/bin/g++ --version >&5
g++ (Ubuntu 13.2.0-23ubuntu4) 13.2.0
Copyright (C) 2023 Free Software Foundation, Inc.
This is free software; see the source for copying conditions.  There is NO
warranty; not even for MERCHANTABILITY or FITNESS FOR A PARTICULAR PURPOSE.

configure:5039: $? = 0
configure:5028: /usr/bin/g++ -v >&5
Using built-in specs.
COLLECT_GCC=/usr/bin/g++
COLLECT_LTO_WRAPPER=/usr/libexec/gcc/x86_64-linux-gnu/13/lto-wrapper
OFFLOAD_TARGET_NAMES=nvptx-none:amdgcn-amdhsa
OFFLOAD_TARGET_DEFAULT=1
Target: x86_64-linux-gnu
Configured with: ../src/configure -v --with-pkgversion='Ubuntu 13.2.0-23ubuntu4' --with-bugurl=file:///usr/share/doc/gcc-13/README.Bugs --enable-languages=c,ada,c++,go,d,fortran,objc,obj-c++,m2 --prefix=/usr --with-gcc-major-version-only --program-suffix=-13 --program-prefix=x86_64-linux-gnu- --enable-shared --enable-linker-build-id --libexecdir=/usr/libexec --without-included-gettext --enable-threads=posix --libdir=/usr/lib --enable-nls --enable-clocale=gnu --enable-libstdcxx-debug --enable-libstdcxx-time=yes --with-default-libstdcxx-abi=new --enable-libstdcxx-backtrace --enable-gnu-unique-object --disable-vtable-verify --enable-plugin --enable-default-pie --with-system-zlib --enable-libphobos-checking=release --with-target-system-zlib=auto --enable-objc-gc=auto --enable-multiarch --disable-werror --enable-cet --with-arch-32=i686 --with-abi=m64 --with-multilib-list=m32,m64,mx32 --enable-multilib --with-tune=generic --enable-offload-targets=nvptx-none=/build/gcc-13-uJ7kn6/gcc-13-13.2.0/debian/tmp-nvptx/usr,amdgcn-amdhsa=/build/gcc-13-uJ7kn6/gcc-13-13.2.0/debian/tmp-gcn/usr --enable-offload-defaulted --without-cuda-driver --enable-checking=release --build=x86_64-linux-gnu --host=x86_64-linux-gnu --target=x86_64-linux-gnu
Thread model: posix
Supported LTO compression algorithms: zlib zstd
gcc version 13.2.0 (Ubuntu 13.2.0-23ubuntu4) 
... rest of stderr output deleted ...
configure:5039: $? = 0
configure:5028: /usr/bin/g++ -V >&5
g++: error: unrecognized command-line option '-V'
g++: fatal error: no input files
compilation terminated.
configure:5039: $? = 1
configure:5028: /usr/bin/g++ -qversion >&5
g++: error: unrecognized command-line option '-qversion'; did you mean '--version'?
g++: fatal error: no input files
compilation terminated.
configure:5039: $? = 1
configure:5043: checking whether the compiler supports GNU C++
configure:5063: /usr/bin/g++ -c   conftest.cpp >&5
configure:5063: $? = 0
configure:5075: result: yes
configure:5086: checking whether /usr/bin/g++ accepts -g
configure:5107: /usr/bin/g++ -c -g  conftest.cpp >&5
configure:5107: $? = 0
configure:5154: result: yes
configure:5174: checking for /usr/bin/g++ option to enable C++11 features
configure:5189: /usr/bin/g++  -c -g -O2  conftest.cpp >&5
conftest.cpp: In function 'int main(int, char**)':
conftest.cpp:175:25: warning: empty parentheses were disambiguated as a function declaration [-Wvexing-parse]
  175 |   cxx11test::delegate d2();
      |                         ^~
conftest.cpp:175:25: note: remove parentheses to default-initialize a variable
  175 |   cxx11test::delegate d2();
      |                         ^~
      |                         --
conftest.cpp:175:25: note: or replace parentheses with braces to value-initialize a variable
configure:5189: $? = 0
configure:5208: result: none needed
configure:5284: Checking your Fortran compiler setting (/usr/bin/gfortran)
configure:5487: checking for Fortran compiler version
configure:5496: /usr/bin/gfortran --version >&5
GNU Fortran (Ubuntu 13.2.0-23ubuntu4) 13.2.0
Copyright (C) 2023 Free Software Foundation, Inc.
This is free software; see the source for copying conditions.  There is NO
warranty; not even for MERCHANTABILITY or FITNESS FOR A PARTICULAR PURPOSE.

configure:5507: $? = 0
configure:5496: /usr/bin/gfortran -v >&5
Using built-in specs.
COLLECT_GCC=/usr/bin/gfortran
COLLECT_LTO_WRAPPER=/usr/libexec/gcc/x86_64-linux-gnu/13/lto-wrapper
OFFLOAD_TARGET_NAMES=nvptx-none:amdgcn-amdhsa
OFFLOAD_TARGET_DEFAULT=1
Target: x86_64-linux-gnu
Configured with: ../src/configure -v --with-pkgversion='Ubuntu 13.2.0-23ubuntu4' --with-bugurl=file:///usr/share/doc/gcc-13/README.Bugs --enable-languages=c,ada,c++,go,d,fortran,objc,obj-c++,m2 --prefix=/usr --with-gcc-major-version-only --program-suffix=-13 --program-prefix=x86_64-linux-gnu- --enable-shared --enable-linker-build-id --libexecdir=/usr/libexec --without-included-gettext --enable-threads=posix --libdir=/usr/lib --enable-nls --enable-clocale=gnu --enable-libstdcxx-debug --enable-libstdcxx-time=yes --with-default-libstdcxx-abi=new --enable-libstdcxx-backtrace --enable-gnu-unique-object --disable-vtable-verify --enable-plugin --enable-default-pie --with-system-zlib --enable-libphobos-checking=release --with-target-system-zlib=auto --enable-objc-gc=auto --enable-multiarch --disable-werror --enable-cet --with-arch-32=i686 --with-abi=m64 --with-multilib-list=m32,m64,mx32 --enable-multilib --with-tune=generic --enable-offload-targets=nvptx-none=/build/gcc-13-uJ7kn6/gcc-13-13.2.0/debian/tmp-nvptx/usr,amdgcn-amdhsa=/build/gcc-13-uJ7kn6/gcc-13-13.2.0/debian/tmp-gcn/usr --enable-offload-defaulted --without-cuda-driver --enable-checking=release --build=x86_64-linux-gnu --host=x86_64-linux-gnu --target=x86_64-linux-gnu
Thread model: posix
Supported LTO compression algorithms: zlib zstd
gcc version 13.2.0 (Ubuntu 13.2.0-23ubuntu4) 
... rest of stderr output deleted ...
configure:5507: $? = 0
configure:5496: /usr/bin/gfortran -V >&5
gfortran: error: unrecognized command-line option '-V'
gfortran: fatal error: no input files
compilation terminated.
configure:5507: $? = 1
configure:5496: /usr/bin/gfortran -qversion >&5
gfortran: error: unrecognized command-line option '-qversion'; did you mean '--version'?
gfortran: fatal error: no input files
compilation terminated.
configure:5507: $? = 1
configure:5516: checking whether the compiler supports GNU Fortran
configure:5530: /usr/bin/gfortran -c   conftest.F >&5
configure:5530: $? = 0
configure:5542: result: yes
configure:5550: checking whether /usr/bin/gfortran accepts -g
configure:5562: /usr/bin/gfortran -c -g  conftest.f >&5
configure:5562: $? = 0
configure:5573: result: yes
configure:5609: Checking your Perl setting (/usr/bin/perl)
configure:5674: result: ok
configure:5680: Checking your Python setting (/usr/bin/python3)
configure:5749: result: ok
configure:5772: result: --------------------------------------------------------------------------------
configure:5780: result: --------------------------------------------------------------------------------
configure:5772: result: --------------------------------------------------------------------------------
configure:5780: result: --------------------------------------------------------------------------------
configure:5772: result: --------------------------------------------------------------------------------
configure:5780: result: --------------------------------------------------------------------------------
configure:5772: result: --------------------------------------------------------------------------------
configure:5780: result: --------------------------------------------------------------------------------
configure:5772: result: --------------------------------------------------------------------------------
configure:5780: result: --------------------------------------------------------------------------------
configure:5772: result: --------------------------------------------------------------------------------
configure:5780: result: --------------------------------------------------------------------------------
configure:5772: result: --------------------------------------------------------------------------------
configure:5780: result: --------------------------------------------------------------------------------
configure:5772: result: --------------------------------------------------------------------------------
configure:5780: result: --------------------------------------------------------------------------------
configure:5772: result: --------------------------------------------------------------------------------
configure:5780: result: --------------------------------------------------------------------------------
configure:5772: result: --------------------------------------------------------------------------------
configure:5780: result: --------------------------------------------------------------------------------
configure:5772: result: --------------------------------------------------------------------------------
configure:5780: result: --------------------------------------------------------------------------------
configure:5772: result: --------------------------------------------------------------------------------
configure:5780: result: --------------------------------------------------------------------------------
configure:5772: result: --------------------------------------------------------------------------------
configure:5780: result: --------------------------------------------------------------------------------
configure:5772: result: --------------------------------------------------------------------------------
configure:5780: result: --------------------------------------------------------------------------------
configure:5772: result: --------------------------------------------------------------------------------
configure:5780: result: --------------------------------------------------------------------------------
configure:5772: result: --------------------------------------------------------------------------------
configure:5780: result: --------------------------------------------------------------------------------
configure:5772: result: --------------------------------------------------------------------------------
configure:5780: result: --------------------------------------------------------------------------------
configure:5772: result: --------------------------------------------------------------------------------
configure:5780: result: --------------------------------------------------------------------------------
configure:5817: checking for perl
configure:5853: result: /usr/bin/perl
configure:6023: creating ./config.status

## ---------------------- ##
## Running config.status. ##
## ---------------------- ##

This file was extended by config.status, which was
generated by GNU Autoconf 2.72.  Invocation command line was

  CONFIG_FILES    = 
  CONFIG_HEADERS  = 
  CONFIG_LINKS    = 
  CONFIG_COMMANDS = 
  $ ./config.status 

on DESKTOP-FU83JHT

config.status:747: creating Makefile
config.status:747: creating headas-setup
config.status:747: creating fermi-setup

## ---------------- ##
## Cache variables. ##
## ---------------- ##

ac_cv_build=x86_64-pc-linux-gnu
ac_cv_c_compiler_gnu=yes
ac_cv_cxx_compiler_gnu=yes
ac_cv_env_CCC_set=
ac_cv_env_CCC_value=
ac_cv_env_CC_set=set
ac_cv_env_CC_value=/usr/bin/gcc
ac_cv_env_CFLAGS_set=
ac_cv_env_CFLAGS_value=
ac_cv_env_CPPFLAGS_set=
ac_cv_env_CPPFLAGS_value=
ac_cv_env_CXXFLAGS_set=
ac_cv_env_CXXFLAGS_value=
ac_cv_env_CXX_set=set
ac_cv_env_CXX_value=/usr/bin/g++
ac_cv_env_FCFLAGS_set=
ac_cv_env_FCFLAGS_value=
ac_cv_env_FC_set=set
ac_cv_env_FC_value=/usr/bin/gfortran
ac_cv_env_LDFLAGS_set=
ac_cv_env_LDFLAGS_value=
ac_cv_env_LIBS_set=
ac_cv_env_LIBS_value=
ac_cv_env_build_alias_set=
ac_cv_env_build_alias_value=
ac_cv_env_host_alias_set=
ac_cv_env_host_alias_value=
ac_cv_env_target_alias_set=
ac_cv_env_target_alias_value=
ac_cv_fc_compiler_gnu=yes
ac_cv_host=x86_64-pc-linux-gnu
ac_cv_objext=o
ac_cv_path_PERL=/usr/bin/perl
ac_cv_prog_ac_ct_CC=/usr/bin/gcc
ac_cv_prog_cc_c11=
ac_cv_prog_cc_g=yes
ac_cv_prog_cc_stdc=
ac_cv_prog_cxx_cxx11=
ac_cv_prog_cxx_g=yes
ac_cv_prog_cxx_stdcxx=
ac_cv_prog_fc_g=yes
ac_cv_target=x86_64-pc-linux-gnu

## ----------------- ##
## Output variables. ##
## ----------------- ##

BSUF=''
CC='/usr/bin/gcc'
CCTEST=''
CFLAGS='-g -O2'
CPPFLAGS=''
CXX='/usr/bin/g++'
CXXFLAGS='-g -O2'
CXXTEST=''
DEFS='-DPACKAGE_NAME=\"\" -DPACKAGE_TARNAME=\"\" -DPACKAGE_VERSION=\"\" -DPACKAGE_STRING=\"\" -DPACKAGE_BUGREPORT=\"\" -DPACKAGE_URL=\"\"'
ECHO_C=''
ECHO_N='-n'
ECHO_T=''
EXEEXT=''
EXT='lnx'
FC='/usr/bin/gfortran'
FCFLAGS='-g -O2'
FCTEST=''
HD_BUILD_ARCH_32_BIT=''
HD_SELECTED='heacore tcltk attitude heasptools heatools heagen Xspec demo ftools heasim hitomixrism integral ixpe maxi nicer nustar suzaku swift '
HD_SRC='/home/aditya/heasoft-6.34'
LDFLAGS=''
LIBOBJS=''
LIBS=''
LTLIBOBJS=''
OBJEXT='o'
PACKAGE_BUGREPORT=''
PACKAGE_NAME=''
PACKAGE_STRING=''
PACKAGE_TARNAME=''
PACKAGE_URL=''
PACKAGE_VERSION=''
PATH_SEPARATOR=':'
PERL='/usr/bin/perl'
PERLTEST=''
PYTHONTEST=''
SHELL='/bin/bash'
UNAME_SYSTEM='Linux'
ac_ct_CC='/usr/bin/gcc'
ac_ct_CXX=''
ac_ct_FC=''
bindir='${exec_prefix}/bin'
build='x86_64-pc-linux-gnu'
build_alias=''
build_cpu='x86_64'
build_os='linux-gnu'
build_vendor='pc'
datadir='${datarootdir}'
datarootdir='${prefix}/share'
docdir='${datarootdir}/doc/${PACKAGE}'
dvidir='${docdir}'
exec_prefix='/home/aditya/heasoft-6.34/x86_64-pc-linux-gnu-libc2.39'
host='x86_64-pc-linux-gnu-libc2.39'
host_alias=''
host_cpu='x86_64'
host_os='linux-gnu'
host_vendor='pc'
htmldir='${docdir}'
includedir='${prefix}/include'
infodir='${datarootdir}/info'
libdir='${exec_prefix}/lib'
libexecdir='${exec_prefix}/libexec'
localedir='${datarootdir}/locale'
localstatedir='${prefix}/var'
mandir='${datarootdir}/man'
oldincludedir='/usr/include'
pdfdir='${docdir}'
prefix='/home/aditya/heasoft-6.34'
program_transform_name='s,x,x,'
psdir='${docdir}'
runstatedir='${localstatedir}/run'
sbindir='${exec_prefix}/sbin'
sharedstatedir='${prefix}/com'
sysconfdir='${prefix}/etc'
target=''
target_alias=''
target_cpu='x86_64'
target_os='linux-gnu'
target_vendor='pc'

## ----------- ##
## confdefs.h. ##
## ----------- ##

/* confdefs.h */
#define PACKAGE_NAME ""
#define PACKAGE_TARNAME ""
#define PACKAGE_VERSION ""
#define PACKAGE_STRING ""
#define PACKAGE_BUGREPORT ""
#define PACKAGE_URL ""

configure: exit 0
